<?xml version="1.0" encoding="UTF-8"?>
<!-- Generated by org.testng.reporters.JUnitReportReporter -->
<testsuite hostname="DESKTOP-CMS2696" failures="0" tests="8" name="com.cira.testcases.authentication.loginTestCases" time="99.431" errors="0" timestamp="2022-08-26T18:27:33 IST" skipped="0">
  <testcase classname="com.cira.testcases.authentication.loginTestCases" name="ValidInputLoginTest" time="24.413"/>
  <system-out/>
  <testcase classname="com.cira.testcases.authentication.loginTestCases" name="ValidInputLoginTestWithEnterKey" time="18.482"/>
  <system-out/>
  <testcase classname="com.cira.testcases.authentication.loginTestCases" name="clickBrowserBackTest" time="30.003"/>
  <system-out/>
  <testcase classname="com.cira.testcases.authentication.loginTestCases" name="InvalidUserValidPassword" time="5.461"/>
  <system-out/>
  <testcase classname="com.cira.testcases.authentication.loginTestCases" name="validUserInvalidPassword" time="4.474"/>
  <system-out/>
  <testcase classname="com.cira.testcases.authentication.loginTestCases" name="InValidInputLoginTest" time="5.422"/>
  <system-out/>
  <testcase classname="com.cira.testcases.authentication.loginTestCases" name="ShowPasswordFunctionality" time="4.769"/>
  <system-out/>
  <testcase classname="com.cira.testcases.authentication.loginTestCases" name="LoginWithEmptyField" time="6.407"/>
  <system-out/>
</testsuite> <!-- com.cira.testcases.authentication.loginTestCases -->
